<?xml version="1.0" encoding="UTF-8"?>
<testng-results ignored="0" total="1" passed="1" failed="0" skipped="0">
  <reporter-output>
  </reporter-output>
  <suite started-at="2026-01-03T18:43:39 IST" name="Suite" finished-at="2026-01-03T18:43:46 IST" duration-ms="6604">
    <groups>
    </groups>
    <test started-at="2026-01-03T18:43:39 IST" name="Test" finished-at="2026-01-03T18:43:46 IST" duration-ms="6604">
      <class name="com.orangehrm.test.DummyClass">
        <test-method is-config="true" signature="loadConfig()[pri:0, instance:com.orangehrm.test.DummyClass@6af93788]" started-at="2026-01-03T18:43:39 IST" name="loadConfig" finished-at="2026-01-03T18:43:39 IST" duration-ms="15" status="PASS">
          <reporter-output>
          </reporter-output>
        </test-method> <!-- loadConfig -->
        <test-method is-config="true" signature="setup()[pri:0, instance:com.orangehrm.test.DummyClass@6af93788]" started-at="2026-01-03T18:43:40 IST" name="setup" finished-at="2026-01-03T18:43:46 IST" duration-ms="6352" status="PASS">
          <reporter-output>
          </reporter-output>
        </test-method> <!-- setup -->
        <test-method signature="testURL()[pri:0, instance:com.orangehrm.test.DummyClass@6af93788]" started-at="2026-01-03T18:43:46 IST" name="testURL" finished-at="2026-01-03T18:43:46 IST" duration-ms="14" status="PASS">
          <reporter-output>
          </reporter-output>
        </test-method> <!-- testURL -->
        <test-method is-config="true" signature="teardown()[pri:0, instance:com.orangehrm.test.DummyClass@6af93788]" started-at="2026-01-03T18:43:46 IST" name="teardown" finished-at="2026-01-03T18:43:46 IST" duration-ms="199" status="PASS">
          <reporter-output>
          </reporter-output>
        </test-method> <!-- teardown -->
      </class> <!-- com.orangehrm.test.DummyClass -->
    </test> <!-- Test -->
  </suite> <!-- Suite -->
</testng-results>
