<?xml version="1.0" encoding="UTF-8"?>
<testng-results ignored="0" total="1" passed="1" failed="0" skipped="0">
  <reporter-output>
  </reporter-output>
  <suite started-at="2025-12-31T18:52:25 IST" name="Default suite" finished-at="2025-12-31T18:52:31 IST" duration-ms="5540">
    <groups>
    </groups>
    <test started-at="2025-12-31T18:52:25 IST" name="Default test" finished-at="2025-12-31T18:52:31 IST" duration-ms="5540">
      <class name="com.orangehrm.test.DummyClass">
        <test-method is-config="true" signature="loadConfig()[pri:0, instance:com.orangehrm.test.DummyClass@62150f9e]" started-at="2025-12-31T18:52:25 IST" name="loadConfig" finished-at="2025-12-31T18:52:25 IST" duration-ms="13" status="PASS">
          <reporter-output>
          </reporter-output>
        </test-method> <!-- loadConfig -->
        <test-method is-config="true" signature="setup()[pri:0, instance:com.orangehrm.test.DummyClass@62150f9e]" started-at="2025-12-31T18:52:25 IST" name="setup" finished-at="2025-12-31T18:52:31 IST" duration-ms="5257" status="PASS">
          <reporter-output>
          </reporter-output>
        </test-method> <!-- setup -->
        <test-method signature="testURL()[pri:0, instance:com.orangehrm.test.DummyClass@62150f9e]" started-at="2025-12-31T18:52:31 IST" name="testURL" finished-at="2025-12-31T18:52:31 IST" duration-ms="19" status="PASS">
          <reporter-output>
          </reporter-output>
        </test-method> <!-- testURL -->
        <test-method is-config="true" signature="teardown()[pri:0, instance:com.orangehrm.test.DummyClass@62150f9e]" started-at="2025-12-31T18:52:31 IST" name="teardown" finished-at="2025-12-31T18:52:31 IST" duration-ms="225" status="PASS">
          <reporter-output>
          </reporter-output>
        </test-method> <!-- teardown -->
      </class> <!-- com.orangehrm.test.DummyClass -->
    </test> <!-- Default test -->
  </suite> <!-- Default suite -->
</testng-results>
